{"/home/akanksha/Music/do-work-app/src/index.js": {"path":"/home/akanksha/Music/do-work-app/src/index.js","statementMap":{"0":{"start":{"line":7,"column":2},"end":{"line":7,"column":66}},"1":{"start":{"line":8,"column":13},"end":{"line":8,"column":34}},"2":{"start":{"line":9,"column":0},"end":{"line":15,"column":2}}},"fnMap":{},"branchMap":{"0":{"loc":{"start":{"line":7,"column":2},"end":{"line":7,"column":66}},"type":"binary-expr","locations":[{"start":{"line":7,"column":2},"end":{"line":7,"column":33}},{"start":{"line":7,"column":37},"end":{"line":7,"column":66}}],"line":7}},"s":{"0":1,"1":1,"2":1},"f":{},"b":{"0":[1,1]},"_coverageSchema":"1a1c01bbd47fc00a2c39e90264f33305004495a9","hash":"041d39e922a547a5894d36495ac14ba48b669a78"}
,"/home/akanksha/Music/do-work-app/src/components/App/App.js": {"path":"/home/akanksha/Music/do-work-app/src/components/App/App.js","statementMap":{"0":{"start":{"line":10,"column":36},"end":{"line":10,"column":51}},"1":{"start":{"line":11,"column":34},"end":{"line":11,"column":46}},"2":{"start":{"line":12,"column":38},"end":{"line":12,"column":50}},"3":{"start":{"line":13,"column":2},"end":{"line":16,"column":9}},"4":{"start":{"line":14,"column":18},"end":{"line":14,"column":65}},"5":{"start":{"line":15,"column":4},"end":{"line":15,"column":23}},"6":{"start":{"line":17,"column":26},"end":{"line":19,"column":3}},"7":{"start":{"line":18,"column":4},"end":{"line":18,"column":23}},"8":{"start":{"line":20,"column":27},"end":{"line":22,"column":3}},"9":{"start":{"line":21,"column":4},"end":{"line":21,"column":24}},"10":{"start":{"line":23,"column":2},"end":{"line":44,"column":4}}},"fnMap":{"0":{"name":"App","decl":{"start":{"line":9,"column":9},"end":{"line":9,"column":12}},"loc":{"start":{"line":9,"column":15},"end":{"line":45,"column":1}},"line":9},"1":{"name":"(anonymous_1)","decl":{"start":{"line":13,"column":12},"end":{"line":13,"column":13}},"loc":{"start":{"line":13,"column":18},"end":{"line":16,"column":3}},"line":13},"2":{"name":"(anonymous_2)","decl":{"start":{"line":17,"column":26},"end":{"line":17,"column":27}},"loc":{"start":{"line":17,"column":32},"end":{"line":19,"column":3}},"line":17},"3":{"name":"(anonymous_3)","decl":{"start":{"line":20,"column":27},"end":{"line":20,"column":28}},"loc":{"start":{"line":20,"column":33},"end":{"line":22,"column":3}},"line":20}},"branchMap":{"0":{"loc":{"start":{"line":14,"column":29},"end":{"line":14,"column":64}},"type":"binary-expr","locations":[{"start":{"line":14,"column":29},"end":{"line":14,"column":56}},{"start":{"line":14,"column":60},"end":{"line":14,"column":64}}],"line":14}},"s":{"0":2,"1":2,"2":2,"3":2,"4":1,"5":1,"6":2,"7":0,"8":2,"9":0,"10":2},"f":{"0":2,"1":1,"2":0,"3":0},"b":{"0":[1,1]},"_coverageSchema":"1a1c01bbd47fc00a2c39e90264f33305004495a9","hash":"a98b983ad46fb726e504c903f68fe27c65c58c06"}
,"/home/akanksha/Music/do-work-app/src/components/Dashboard/Dashboard.js": {"path":"/home/akanksha/Music/do-work-app/src/components/Dashboard/Dashboard.js","statementMap":{"0":{"start":{"line":4,"column":13},"end":{"line":9,"column":5}},"1":{"start":{"line":5,"column":2},"end":{"line":9,"column":5}},"2":{"start":{"line":5,"column":26},"end":{"line":9,"column":3}},"3":{"start":{"line":11,"column":16},"end":{"line":43,"column":1}},"4":{"start":{"line":11,"column":75},"end":{"line":43,"column":1}},"5":{"start":{"line":20,"column":25},"end":{"line":25,"column":7}},"6":{"start":{"line":21,"column":8},"end":{"line":21,"column":28}},"7":{"start":{"line":22,"column":28},"end":{"line":22,"column":76}},"8":{"start":{"line":22,"column":54},"end":{"line":22,"column":75}},"9":{"start":{"line":23,"column":8},"end":{"line":23,"column":33}},"10":{"start":{"line":24,"column":8},"end":{"line":24,"column":73}},"11":{"start":{"line":26,"column":25},"end":{"line":29,"column":7}},"12":{"start":{"line":27,"column":8},"end":{"line":27,"column":33}},"13":{"start":{"line":28,"column":8},"end":{"line":28,"column":26}},"14":{"start":{"line":31,"column":6},"end":{"line":40,"column":8}},"15":{"start":{"line":44,"column":18},"end":{"line":91,"column":1}},"16":{"start":{"line":45,"column":68},"end":{"line":45,"column":73}},"17":{"start":{"line":46,"column":2},"end":{"line":90,"column":4}}},"fnMap":{"0":{"name":"(anonymous_0)","decl":{"start":{"line":4,"column":13},"end":{"line":4,"column":14}},"loc":{"start":{"line":5,"column":2},"end":{"line":9,"column":5}},"line":5},"1":{"name":"(anonymous_1)","decl":{"start":{"line":5,"column":15},"end":{"line":5,"column":16}},"loc":{"start":{"line":5,"column":26},"end":{"line":9,"column":3}},"line":5},"2":{"name":"(anonymous_2)","decl":{"start":{"line":11,"column":16},"end":{"line":11,"column":17}},"loc":{"start":{"line":11,"column":75},"end":{"line":43,"column":1}},"line":11},"3":{"name":"(anonymous_3)","decl":{"start":{"line":19,"column":16},"end":{"line":19,"column":17}},"loc":{"start":{"line":19,"column":28},"end":{"line":41,"column":5}},"line":19},"4":{"name":"(anonymous_4)","decl":{"start":{"line":20,"column":25},"end":{"line":20,"column":26}},"loc":{"start":{"line":20,"column":32},"end":{"line":25,"column":7}},"line":20},"5":{"name":"(anonymous_5)","decl":{"start":{"line":22,"column":44},"end":{"line":22,"column":45}},"loc":{"start":{"line":22,"column":54},"end":{"line":22,"column":75}},"line":22},"6":{"name":"(anonymous_6)","decl":{"start":{"line":26,"column":25},"end":{"line":26,"column":26}},"loc":{"start":{"line":26,"column":31},"end":{"line":29,"column":7}},"line":26},"7":{"name":"(anonymous_7)","decl":{"start":{"line":44,"column":18},"end":{"line":44,"column":19}},"loc":{"start":{"line":44,"column":29},"end":{"line":91,"column":1}},"line":44}},"branchMap":{"0":{"loc":{"start":{"line":55,"column":9},"end":{"line":87,"column":9}},"type":"cond-expr","locations":[{"start":{"line":56,"column":10},"end":{"line":67,"column":12}},{"start":{"line":69,"column":10},"end":{"line":86,"column":16}}],"line":55}},"s":{"0":2,"1":0,"2":0,"3":2,"4":0,"5":0,"6":0,"7":0,"8":0,"9":0,"10":0,"11":0,"12":0,"13":0,"14":0,"15":2,"16":2,"17":2},"f":{"0":0,"1":0,"2":0,"3":0,"4":0,"5":0,"6":0,"7":2},"b":{"0":[0,2]},"_coverageSchema":"1a1c01bbd47fc00a2c39e90264f33305004495a9","hash":"3d33af76a32f67c3b7e9e1f540ffcb228bf1ebef"}
,"/home/akanksha/Music/do-work-app/src/components/Header/Header.js": {"path":"/home/akanksha/Music/do-work-app/src/components/Header/Header.js","statementMap":{"0":{"start":{"line":4,"column":15},"end":{"line":40,"column":1}},"1":{"start":{"line":5,"column":30},"end":{"line":5,"column":35}},"2":{"start":{"line":6,"column":2},"end":{"line":39,"column":4}}},"fnMap":{"0":{"name":"(anonymous_0)","decl":{"start":{"line":4,"column":15},"end":{"line":4,"column":16}},"loc":{"start":{"line":4,"column":26},"end":{"line":40,"column":1}},"line":4}},"branchMap":{},"s":{"0":3,"1":3,"2":3},"f":{"0":3},"b":{},"_coverageSchema":"1a1c01bbd47fc00a2c39e90264f33305004495a9","hash":"53cff51f1907dc05f1cc928a9488d28086e67edf"}
,"/home/akanksha/Music/do-work-app/src/components/Modal/Modal.js": {"path":"/home/akanksha/Music/do-work-app/src/components/Modal/Modal.js","statementMap":{"0":{"start":{"line":12,"column":26},"end":{"line":136,"column":1}},"1":{"start":{"line":20,"column":6},"end":{"line":20,"column":11}},"2":{"start":{"line":21,"column":28},"end":{"line":21,"column":40}},"3":{"start":{"line":22,"column":40},"end":{"line":22,"column":52}},"4":{"start":{"line":23,"column":26},"end":{"line":23,"column":36}},"5":{"start":{"line":24,"column":32},"end":{"line":24,"column":47}},"6":{"start":{"line":25,"column":18},"end":{"line":25,"column":29}},"7":{"start":{"line":27,"column":2},"end":{"line":38,"column":29}},"8":{"start":{"line":28,"column":25},"end":{"line":28,"column":79}},"9":{"start":{"line":28,"column":56},"end":{"line":28,"column":78}},"10":{"start":{"line":29,"column":4},"end":{"line":37,"column":5}},"11":{"start":{"line":30,"column":6},"end":{"line":30,"column":50}},"12":{"start":{"line":31,"column":6},"end":{"line":31,"column":38}},"13":{"start":{"line":32,"column":6},"end":{"line":32,"column":41}},"14":{"start":{"line":33,"column":6},"end":{"line":36,"column":12}},"15":{"start":{"line":34,"column":8},"end":{"line":35,"column":38}},"16":{"start":{"line":40,"column":27},"end":{"line":47,"column":3}},"17":{"start":{"line":41,"column":4},"end":{"line":41,"column":18}},"18":{"start":{"line":42,"column":4},"end":{"line":42,"column":17}},"19":{"start":{"line":43,"column":4},"end":{"line":43,"column":23}},"20":{"start":{"line":44,"column":4},"end":{"line":44,"column":14}},"21":{"start":{"line":45,"column":4},"end":{"line":45,"column":22}},"22":{"start":{"line":46,"column":4},"end":{"line":46,"column":22}},"23":{"start":{"line":49,"column":23},"end":{"line":71,"column":3}},"24":{"start":{"line":50,"column":4},"end":{"line":70,"column":5}},"25":{"start":{"line":51,"column":26},"end":{"line":51,"column":28}},"26":{"start":{"line":52,"column":6},"end":{"line":64,"column":7}},"27":{"start":{"line":53,"column":8},"end":{"line":60,"column":11}},"28":{"start":{"line":54,"column":10},"end":{"line":58,"column":11}},"29":{"start":{"line":55,"column":12},"end":{"line":55,"column":31}},"30":{"start":{"line":56,"column":12},"end":{"line":56,"column":43}},"31":{"start":{"line":57,"column":12},"end":{"line":57,"column":29}},"32":{"start":{"line":59,"column":10},"end":{"line":59,"column":22}},"33":{"start":{"line":62,"column":19},"end":{"line":62,"column":44}},"34":{"start":{"line":63,"column":8},"end":{"line":63,"column":72}},"35":{"start":{"line":65,"column":6},"end":{"line":65,"column":33}},"36":{"start":{"line":66,"column":6},"end":{"line":66,"column":73}},"37":{"start":{"line":67,"column":6},"end":{"line":67,"column":25}},"38":{"start":{"line":69,"column":6},"end":{"line":69,"column":23}},"39":{"start":{"line":73,"column":2},"end":{"line":135,"column":4}},"40":{"start":{"line":91,"column":27},"end":{"line":91,"column":58}},"41":{"start":{"line":100,"column":26},"end":{"line":100,"column":67}},"42":{"start":{"line":109,"column":31},"end":{"line":109,"column":45}}},"fnMap":{"0":{"name":"(anonymous_0)","decl":{"start":{"line":12,"column":26},"end":{"line":12,"column":27}},"loc":{"start":{"line":12,"column":37},"end":{"line":136,"column":1}},"line":12},"1":{"name":"(anonymous_1)","decl":{"start":{"line":27,"column":12},"end":{"line":27,"column":13}},"loc":{"start":{"line":27,"column":18},"end":{"line":38,"column":3}},"line":27},"2":{"name":"(anonymous_2)","decl":{"start":{"line":28,"column":46},"end":{"line":28,"column":47}},"loc":{"start":{"line":28,"column":56},"end":{"line":28,"column":78}},"line":28},"3":{"name":"(anonymous_3)","decl":{"start":{"line":33,"column":17},"end":{"line":33,"column":18}},"loc":{"start":{"line":33,"column":23},"end":{"line":36,"column":7}},"line":33},"4":{"name":"(anonymous_4)","decl":{"start":{"line":40,"column":27},"end":{"line":40,"column":28}},"loc":{"start":{"line":40,"column":33},"end":{"line":47,"column":3}},"line":40},"5":{"name":"(anonymous_5)","decl":{"start":{"line":49,"column":23},"end":{"line":49,"column":24}},"loc":{"start":{"line":49,"column":29},"end":{"line":71,"column":3}},"line":49},"6":{"name":"(anonymous_6)","decl":{"start":{"line":53,"column":42},"end":{"line":53,"column":43}},"loc":{"start":{"line":53,"column":52},"end":{"line":60,"column":9}},"line":53},"7":{"name":"(anonymous_7)","decl":{"start":{"line":91,"column":20},"end":{"line":91,"column":21}},"loc":{"start":{"line":91,"column":27},"end":{"line":91,"column":58}},"line":91},"8":{"name":"(anonymous_8)","decl":{"start":{"line":100,"column":19},"end":{"line":100,"column":20}},"loc":{"start":{"line":100,"column":26},"end":{"line":100,"column":67}},"line":100},"9":{"name":"(anonymous_9)","decl":{"start":{"line":109,"column":20},"end":{"line":109,"column":21}},"loc":{"start":{"line":109,"column":31},"end":{"line":109,"column":45}},"line":109}},"branchMap":{"0":{"loc":{"start":{"line":29,"column":4},"end":{"line":37,"column":5}},"type":"if","locations":[{"start":{"line":29,"column":4},"end":{"line":37,"column":5}},{"start":{},"end":{}}],"line":29},"1":{"loc":{"start":{"line":29,"column":8},"end":{"line":29,"column":47}},"type":"binary-expr","locations":[{"start":{"line":29,"column":8},"end":{"line":29,"column":20}},{"start":{"line":29,"column":24},"end":{"line":29,"column":47}}],"line":29},"2":{"loc":{"start":{"line":50,"column":4},"end":{"line":70,"column":5}},"type":"if","locations":[{"start":{"line":50,"column":4},"end":{"line":70,"column":5}},{"start":{"line":68,"column":11},"end":{"line":70,"column":5}}],"line":50},"3":{"loc":{"start":{"line":50,"column":8},"end":{"line":50,"column":36}},"type":"binary-expr","locations":[{"start":{"line":50,"column":8},"end":{"line":50,"column":13}},{"start":{"line":50,"column":17},"end":{"line":50,"column":28}},{"start":{"line":50,"column":32},"end":{"line":50,"column":36}}],"line":50},"4":{"loc":{"start":{"line":52,"column":6},"end":{"line":64,"column":7}},"type":"if","locations":[{"start":{"line":52,"column":6},"end":{"line":64,"column":7}},{"start":{"line":61,"column":13},"end":{"line":64,"column":7}}],"line":52},"5":{"loc":{"start":{"line":54,"column":10},"end":{"line":58,"column":11}},"type":"if","locations":[{"start":{"line":54,"column":10},"end":{"line":58,"column":11}},{"start":{},"end":{}}],"line":54},"6":{"loc":{"start":{"line":82,"column":9},"end":{"line":82,"column":39}},"type":"cond-expr","locations":[{"start":{"line":82,"column":22},"end":{"line":82,"column":28}},{"start":{"line":82,"column":31},"end":{"line":82,"column":39}}],"line":82},"7":{"loc":{"start":{"line":108,"column":17},"end":{"line":108,"column":42}},"type":"cond-expr","locations":[{"start":{"line":108,"column":24},"end":{"line":108,"column":35}},{"start":{"line":108,"column":38},"end":{"line":108,"column":42}}],"line":108},"8":{"loc":{"start":{"line":111,"column":9},"end":{"line":124,"column":9}},"type":"binary-expr","locations":[{"start":{"line":111,"column":9},"end":{"line":111,"column":16}},{"start":{"line":112,"column":10},"end":{"line":123,"column":16}}],"line":111},"9":{"loc":{"start":{"line":131,"column":11},"end":{"line":131,"column":41}},"type":"cond-expr","locations":[{"start":{"line":131,"column":24},"end":{"line":131,"column":30}},{"start":{"line":131,"column":33},"end":{"line":131,"column":41}}],"line":131}},"s":{"0":2,"1":2,"2":2,"3":2,"4":2,"5":2,"6":2,"7":2,"8":2,"9":0,"10":2,"11":0,"12":0,"13":0,"14":0,"15":0,"16":2,"17":0,"18":0,"19":0,"20":0,"21":0,"22":0,"23":2,"24":0,"25":0,"26":0,"27":0,"28":0,"29":0,"30":0,"31":0,"32":0,"33":0,"34":0,"35":0,"36":0,"37":0,"38":0,"39":2,"40":0,"41":0,"42":0},"f":{"0":2,"1":2,"2":0,"3":0,"4":0,"5":0,"6":0,"7":0,"8":0,"9":0},"b":{"0":[0,2],"1":[2,2],"2":[0,0],"3":[0,0,0],"4":[0,0],"5":[0,0],"6":[0,2],"7":[0,2],"8":[2,0],"9":[0,2]},"_coverageSchema":"1a1c01bbd47fc00a2c39e90264f33305004495a9","hash":"48f5f3731aad9eee0daff4f73f32f9902b98de84"}
,"/home/akanksha/Music/do-work-app/src/components/Modal/ModalTitle.js": {"path":"/home/akanksha/Music/do-work-app/src/components/Modal/ModalTitle.js","statementMap":{"0":{"start":{"line":4,"column":19},"end":{"line":26,"column":1}},"1":{"start":{"line":5,"column":42},"end":{"line":5,"column":47}},"2":{"start":{"line":7,"column":2},"end":{"line":25,"column":4}},"3":{"start":{"line":18,"column":30},"end":{"line":18,"column":53}}},"fnMap":{"0":{"name":"(anonymous_0)","decl":{"start":{"line":4,"column":19},"end":{"line":4,"column":20}},"loc":{"start":{"line":4,"column":30},"end":{"line":26,"column":1}},"line":4},"1":{"name":"(anonymous_1)","decl":{"start":{"line":18,"column":19},"end":{"line":18,"column":20}},"loc":{"start":{"line":18,"column":30},"end":{"line":18,"column":53}},"line":18}},"branchMap":{"0":{"loc":{"start":{"line":10,"column":7},"end":{"line":23,"column":14}},"type":"cond-expr","locations":[{"start":{"line":11,"column":8},"end":{"line":22,"column":21}},{"start":{"line":23,"column":10},"end":{"line":23,"column":14}}],"line":10}},"s":{"0":2,"1":0,"2":0,"3":0},"f":{"0":0,"1":0},"b":{"0":[0,0]},"_coverageSchema":"1a1c01bbd47fc00a2c39e90264f33305004495a9","hash":"0f05ceb06144e8a59b1c899af222fda21409e708"}
,"/home/akanksha/Music/do-work-app/src/components/Modal/styles.js": {"path":"/home/akanksha/Music/do-work-app/src/components/Modal/styles.js","statementMap":{"0":{"start":{"line":5,"column":21},"end":{"line":12,"column":3}},"1":{"start":{"line":5,"column":52},"end":{"line":12,"column":1}},"2":{"start":{"line":14,"column":25},"end":{"line":23,"column":3}},"3":{"start":{"line":14,"column":43},"end":{"line":23,"column":1}}},"fnMap":{"0":{"name":"(anonymous_0)","decl":{"start":{"line":5,"column":36},"end":{"line":5,"column":37}},"loc":{"start":{"line":5,"column":52},"end":{"line":12,"column":1}},"line":5},"1":{"name":"(anonymous_1)","decl":{"start":{"line":14,"column":36},"end":{"line":14,"column":37}},"loc":{"start":{"line":14,"column":43},"end":{"line":23,"column":1}},"line":14}},"branchMap":{},"s":{"0":2,"1":2,"2":2,"3":1},"f":{"0":2,"1":1},"b":{},"_coverageSchema":"1a1c01bbd47fc00a2c39e90264f33305004495a9","hash":"213138c17f2c3b766a041eb362237fab49b568f9"}
,"/home/akanksha/Music/do-work-app/src/config/theme.js": {"path":"/home/akanksha/Music/do-work-app/src/config/theme.js","statementMap":{"0":{"start":{"line":3,"column":12},"end":{"line":13,"column":2}}},"fnMap":{},"branchMap":{},"s":{"0":1},"f":{},"b":{},"_coverageSchema":"1a1c01bbd47fc00a2c39e90264f33305004495a9","hash":"86a6f3a11c22e13bda31964bc5a60868f84c6a7c"}
}
